
Try `flutter pub outdated` for more information.
PS C:\Users\2\Documents\saida_wifi_app>
PS C:\Users\2\Documents\saida_wifi_app> flutter run
Launching lib\main.dart on SM G988B in debug mode...
package identifier or launch activity not found.
Please check C:\Users\2\Documents\saida_wifi_app\android\app\src\main\AndroidManifest.xml for errors.
No application found for TargetPlatform.android_arm64.
Is your project missing an android\app\src\main\AndroidManifest.xml?
Consider running "flutter create ." to create one.
PS C:\Users\2\Documents\saida_wifi_app> flutter clean
Deleting build...                                                    ٣ms
Deleting .dart_tool...                                               ١ms
Deleting .flutter-plugins-dependencies...                            ٠ms
PS C:\Users\2\Documents\saida_wifi_app>
PS C:\Users\2\Documents\saida_wifi_app> flutter pub get
Resolving dependencies...
Downloading packages...
  characters 1.4.0 (1.4.1 available)
  flutter_lints 3.0.2 (6.0.0 available)
  flutter_riverpod 2.6.1 (3.0.0 available)
  lints 3.0.0 (6.0.0 available)
  material_color_utilities 0.11.1 (0.13.0 available)
  meta 1.16.0 (1.17.0 available)
  riverpod 2.6.1 (3.0.0 available)
  test_api 0.7.6 (0.7.7 available)
Got dependencies!
8 packages have newer versions incompatible with dependency constraints.
Try `flutter pub outdated` for more information.
PS C:\Users\2\Documents\saida_wifi_app> flutter run
Launching lib\main.dart on SM G988B in debug mode...
Upgrading build.gradle
e: Daemon compilation failed: Could not connect to Kotlin compile daemon
java.lang.RuntimeException: Could not connect to Kotlin compile daemon
        at org.jetbrains.kotlin.compilerRunner.GradleKotlinCompilerWork.compileWithDaemon(GradleKotlinCompilerWork.kt:218)
        at org.jetbrains.kotlin.compilerRunner.GradleKotlinCompilerWork.compileWithDaemonOrFallbackImpl(GradleKotlinCompilerWork.kt:175)
        at org.jetbrains.kotlin.compilerRunner.GradleKotlinCompilerWork.run(GradleKotlinCompilerWork.kt:135)
        at org.jetbrains.kotlin.compilerRunner.GradleCompilerRunnerWithWorkers$GradleKotlinCompilerWorkAction.execute(GradleCompilerRunnerWithWorkers.kt:73)
        at org.gradle.workers.internal.DefaultWorkerServer.execute(DefaultWorkerServer.java:63)
        at org.gradle.workers.internal.NoIsolationWorkerFactory$1$1.create(NoIsolationWorkerFactory.java:66)
        at org.gradle.workers.internal.NoIsolationWorkerFactory$1$1.create(NoIsolationWorkerFactory.java:62)
        at org.gradle.internal.classloader.ClassLoaderUtils.executeInClassloader(ClassLoaderUtils.java:100)
        at org.gradle.workers.internal.NoIsolationWorkerFactory$1.lambda$execute$0(NoIsolationWorkerFactory.java:62)
        at org.gradle.workers.internal.AbstractWorker$1.call(AbstractWorker.java:44)
        at org.gradle.workers.internal.AbstractWorker$1.call(AbstractWorker.java:41)
        at org.gradle.internal.operations.DefaultBuildOperationRunner$CallableBuildOperationWorker.execute(DefaultBuildOperationRunner.java:204)
        at org.gradle.internal.operations.DefaultBuildOperationRunner$CallableBuildOperationWorker.execute(DefaultBuildOperationRunner.java:199)
        at org.gradle.internal.operations.DefaultBuildOperationRunner$2.execute(DefaultBuildOperationRunner.java:66)
        at org.gradle.internal.operations.DefaultBuildOperationRunner$2.execute(DefaultBuildOperationRunner.java:59)
        at org.gradle.internal.operations.DefaultBuildOperationRunner.execute(DefaultBuildOperationRunner.java:157)
        at org.gradle.internal.operations.DefaultBuildOperationRunner.execute(DefaultBuildOperationRunner.java:59)
        at org.gradle.internal.operations.DefaultBuildOperationRunner.call(DefaultBuildOperationRunner.java:53)
        at org.gradle.internal.operations.DefaultBuildOperationExecutor.call(DefaultBuildOperationExecutor.java:78)
        at org.gradle.workers.internal.AbstractWorker.executeWrappedInBuildOperation(AbstractWorker.java:41)
        at org.gradle.workers.internal.NoIsolationWorkerFactory$1.execute(NoIsolationWorkerFactory.java:59)
        at org.gradle.workers.internal.DefaultWorkerExecutor.lambda$submitWork$0(DefaultWorkerExecutor.java:170)
        at java.base/java.util.concurrent.FutureTask.run(Unknown Source)
        at org.gradle.internal.work.DefaultConditionalExecutionQueue$ExecutionRunner.runExecution(DefaultConditionalExecutionQueue.java:187)
        at org.gradle.internal.work.DefaultConditionalExecutionQueue$ExecutionRunner.access$700(DefaultConditionalExecutionQueue.java:120)
        at org.gradle.internal.work.DefaultConditionalExecutionQueue$ExecutionRunner$1.run(DefaultConditionalExecutionQueue.java:162)
        at org.gradle.internal.Factories$1.create(Factories.java:31)
        at org.gradle.internal.work.DefaultWorkerLeaseService.withLocks(DefaultWorkerLeaseService.java:264)
        at org.gradle.internal.work.DefaultWorkerLeaseService.runAsWorkerThread(DefaultWorkerLeaseService.java:128)
        at org.gradle.internal.work.DefaultWorkerLeaseService.runAsWorkerThread(DefaultWorkerLeaseService.java:133)
        at org.gradle.internal.work.DefaultConditionalExecutionQueue$ExecutionRunner.runBatch(DefaultConditionalExecutionQueue.java:157)
        at org.gradle.internal.work.DefaultConditionalExecutionQueue$ExecutionRunner.run(DefaultConditionalExecutionQueue.java:126)
        at java.base/java.util.concurrent.Executors$RunnableAdapter.call(Unknown Source)
        at java.base/java.util.concurrent.FutureTask.run(Unknown Source)
        at org.gradle.internal.concurrent.ExecutorPolicy$CatchAndRecordFailures.onExecute(ExecutorPolicy.java:64)
        at org.gradle.internal.concurrent.AbstractManagedExecutor$1.run(AbstractManagedExecutor.java:47)
        at java.base/java.util.concurrent.ThreadPoolExecutor.runWorker(Unknown Source)
        at java.base/java.util.concurrent.ThreadPoolExecutor$Worker.run(Unknown Source)
        at java.base/java.lang.Thread.run(Unknown Source)

exception: warning: ATTENTION!
exception: this build uses unsafe internal compiler arguments:
exception:
exception:
exception: this mode is not recommended for production use,
exception: as no stability/compatibility guarantees are given on
exception: compiler or generated code. Use it at your own risk!
exception:
exception: c:\Users\2\Downloads\flutter_windows_3.35.3-stable\flutter\packages\flutter_tools\gradle\src\main\kotlin\DependencyVersionChecker.kt:194:39: warning: 'getter for minSdkVersion: AndroidVersion' is deprecated. Will be removed in v9.0
exception:             MinSdkVersion(it.name, it.minSdkVersion.apiLevel)
exception:                                       ^
exception: c:\Users\2\Downloads\flutter_windows_3.35.3-stable\flutter\packages\flutter_tools\gradle\src\main\kotlin\FlutterPlugin.kt:11:37: warning: 'ApkVariant' is deprecated. Deprecated in Java
exception: import com.android.build.gradle.api.ApkVariant
exception:                                     ^
exception: c:\Users\2\Downloads\flutter_windows_3.35.3-stable\flutter\packages\flutter_tools\gradle\src\main\kotlin\FlutterPlugin.kt:628:69: warning: 'ApkVariant' is deprecated. Deprecated in Java
exception:                     val versionCodeIfPresent: Int? = if (variant is ApkVariant) variant.versionCode else null
exception:                                                                     ^

FAILURE: Build failed with an exception.

* Where:
Build file 'C:\Users\2\Documents\saida_wifi_app\android\app\build.gradle' line: ??

* What went wrong:
Could not compile build file 'C:\Users\2\Documents\saida_wifi_app\android\app\build.gradle'.
> startup failed:
  build file 'C:\Users\2\Documents\saida_wifi_app\android\app\build.gradle': 24: only buildscript {}, pluginManagement {} and other plugins {} script blocks are allowed before plugins {} blocks, no other statements are allowed

  For more information on the plugins {} block, please refer to https://docs.gradle.org/8.4/userguide/plugins.html#sec:plugins_block in the Gradle documentation.

   @ line 24, column 1.
     plugins {
     ^

  1 error


* Try:
> Run with --stacktrace option to get the stack trace.
> Run with --info or --debug option to get more log output.
> Run with --scan to get full insights.
> Get more help at https://help.gradle.org.

BUILD FAILED in 5m 28s
Running Gradle task 'assembleDebug'...                            ٣٢٩٫١s
Error: Gradle task assembleDebug failed with exit code 1
PS C:\Users\2\Documents\saida_wifi_app>
PS C:\Users\2\Documents\saida_wifi_app>



