efaults.buildfeatures.buildconfig=true' is deprecated.
The current default is 'false'.
It will be removed in version 9.0 of the Android Gradle plugin.
You can resolve this warning in Android Studio via `Refactor` > `Migrate BuildConfig to Gradle Build Files`
Warning: Flutter support for your project's Gradle version (8.4.0) will soon be dropped. Please upgrade your Gradle version to a version of at least 8.7.0 soon.
Alternatively, use the flag "--android-skip-build-dependency-validation" to bypass this check.

Potential fix: Your project's gradle version is typically defined in the gradle wrapper file. By default, this can be found at C:\Users\2\Documents\saida_wifi_app\android/gradle/wrapper/gradle-wrapper.properties.
For more information, see https://docs.gradle.org/current/userguide/gradle_wrapper.html.

Warning: Flutter support for your project's Android Gradle Plugin version (Android Gradle Plugin version 8.3.2) will soon be dropped. Please upgrade your Android Gradle Plugin version to a version of at least Android Gradle Plugin version 8.6.0 soon.
Alternatively, use the flag "--android-skip-build-dependency-validation" to bypass this check.

Potential fix: Your project's AGP version is typically defined in the plugins block of the `settings.gradle` file (C:\Users\2\Documents\saida_wifi_app\android/settings.gradle), by a plugin with the id of com.android.application.
If you don't see a plugins block, your project was likely created with an older template version. In this case it is most likely defined in the top-level build.gradle file (C:\Users\2\Documents\saida_wifi_app\android/build.gradle) by the following line in the dependencies block of the buildscript: "classpath 'com.android.tools.build:gradle:<version>'".

Warning: Flutter support for your project's Kotlin version (1.9.22) will soon be dropped. Please upgrade your Kotlin version to a version of at least 2.1.0 soon.
Alternatively, use the flag "--android-skip-build-dependency-validation" to bypass this check.

Potential fix: Your project's KGP version is typically defined in the plugins block of the `settings.gradle` file (C:\Users\2\Documents\saida_wifi_app\android/settings.gradle), by a plugin with the id of org.jetbrains.kotlin.android.
If you don't see a plugins block, your project was likely created with an older template version, in which case it is most likely defined in the top-level build.gradle file (C:\Users\2\Documents\saida_wifi_app\android/build.gradle) by the ext.kotlin_version property.


BUILD SUCCESSFUL in 38s
?? actionable tasks: ? executed, ? up-to-date
PS C:\Users\2\Documents\saida_wifi_app\android>
PS C:\Users\2\Documents\saida_wifi_app\android> # 5. ???? ?????? ??????? ???? ????? ????????
PS C:\Users\2\Documents\saida_wifi_app\android> cd ..
PS C:\Users\2\Documents\saida_wifi_app> flutter pub get
Resolving dependencies...
Downloading packages...
  characters 1.4.0 (1.4.1 available)
  flutter_lints 3.0.2 (6.0.0 available)
  flutter_riverpod 2.6.1 (3.0.0 available)
  lints 3.0.0 (6.0.0 available)
  material_color_utilities 0.11.1 (0.13.0 available)
  meta 1.16.0 (1.17.0 available)
  riverpod 2.6.1 (3.0.0 available)
  test_api 0.7.6 (0.7.7 available)
Got dependencies!
8 packages have newer versions incompatible with dependency constraints.
Try `flutter pub outdated` for more information.
PS C:\Users\2\Documents\saida_wifi_app>
PS C:\Users\2\Documents\saida_wifi_app> # 6. ??? ???????
PS C:\Users\2\Documents\saida_wifi_app> flutter run
Launching lib\main.dart on SM G988B in debug mode...
e: Daemon compilation failed: Could not connect to Kotlin compile daemon
java.lang.RuntimeException: Could not connect to Kotlin compile daemon
        at org.jetbrains.kotlin.compilerRunner.GradleKotlinCompilerWork.compileWithDaemon(GradleKotlinCompilerWork.kt:218)
        at org.jetbrains.kotlin.compilerRunner.GradleKotlinCompilerWork.compileWithDaemonOrFallbackImpl(GradleKotlinCompilerWork.kt:175)
        at org.jetbrains.kotlin.compilerRunner.GradleKotlinCompilerWork.run(GradleKotlinCompilerWork.kt:135)
        at org.jetbrains.kotlin.compilerRunner.GradleCompilerRunnerWithWorkers$GradleKotlinCompilerWorkAction.execute(GradleCompilerRunnerWithWorkers.kt:73)
        at org.gradle.workers.internal.DefaultWorkerServer.execute(DefaultWorkerServer.java:63)
        at org.gradle.workers.internal.NoIsolationWorkerFactory$1$1.create(NoIsolationWorkerFactory.java:66)
        at org.gradle.workers.internal.NoIsolationWorkerFactory$1$1.create(NoIsolationWorkerFactory.java:62)
        at org.gradle.internal.classloader.ClassLoaderUtils.executeInClassloader(ClassLoaderUtils.java:100)
        at org.gradle.workers.internal.NoIsolationWorkerFactory$1.lambda$execute$0(NoIsolationWorkerFactory.java:62)
        at org.gradle.workers.internal.AbstractWorker$1.call(AbstractWorker.java:44)
        at org.gradle.workers.internal.AbstractWorker$1.call(AbstractWorker.java:41)
        at org.gradle.internal.operations.DefaultBuildOperationRunner$CallableBuildOperationWorker.execute(DefaultBuildOperationRunner.java:204)
        at org.gradle.internal.operations.DefaultBuildOperationRunner$CallableBuildOperationWorker.execute(DefaultBuildOperationRunner.java:199)
        at org.gradle.internal.operations.DefaultBuildOperationRunner$2.execute(DefaultBuildOperationRunner.java:66)
        at org.gradle.internal.operations.DefaultBuildOperationRunner$2.execute(DefaultBuildOperationRunner.java:59)
        at org.gradle.internal.operations.DefaultBuildOperationRunner.execute(DefaultBuildOperationRunner.java:157)
        at org.gradle.internal.operations.DefaultBuildOperationRunner.execute(DefaultBuildOperationRunner.java:59)
        at org.gradle.internal.operations.DefaultBuildOperationRunner.call(DefaultBuildOperationRunner.java:53)
        at org.gradle.internal.operations.DefaultBuildOperationExecutor.call(DefaultBuildOperationExecutor.java:78)
        at org.gradle.workers.internal.AbstractWorker.executeWrappedInBuildOperation(AbstractWorker.java:41)
        at org.gradle.workers.internal.NoIsolationWorkerFactory$1.execute(NoIsolationWorkerFactory.java:59)
        at org.gradle.workers.internal.DefaultWorkerExecutor.lambda$submitWork$0(DefaultWorkerExecutor.java:170)
        at java.base/java.util.concurrent.FutureTask.run(Unknown Source)
        at org.gradle.internal.work.DefaultConditionalExecutionQueue$ExecutionRunner.runExecution(DefaultConditionalExecutionQueue.java:187)
        at org.gradle.internal.work.DefaultConditionalExecutionQueue$ExecutionRunner.access$700(DefaultConditionalExecutionQueue.java:120)
        at org.gradle.internal.work.DefaultConditionalExecutionQueue$ExecutionRunner$1.run(DefaultConditionalExecutionQueue.java:162)
        at org.gradle.internal.Factories$1.create(Factories.java:31)
        at org.gradle.internal.work.DefaultWorkerLeaseService.withLocks(DefaultWorkerLeaseService.java:264)
        at org.gradle.internal.work.DefaultWorkerLeaseService.runAsWorkerThread(DefaultWorkerLeaseService.java:128)
        at org.gradle.internal.work.DefaultWorkerLeaseService.runAsWorkerThread(DefaultWorkerLeaseService.java:133)
        at org.gradle.internal.work.DefaultConditionalExecutionQueue$ExecutionRunner.runBatch(DefaultConditionalExecutionQueue.java:157)
        at org.gradle.internal.work.DefaultConditionalExecutionQueue$ExecutionRunner.run(DefaultConditionalExecutionQueue.java:126)
        at java.base/java.util.concurrent.Executors$RunnableAdapter.call(Unknown Source)
        at java.base/java.util.concurrent.FutureTask.run(Unknown Source)
        at org.gradle.internal.concurrent.ExecutorPolicy$CatchAndRecordFailures.onExecute(ExecutorPolicy.java:64)
        at org.gradle.internal.concurrent.AbstractManagedExecutor$1.run(AbstractManagedExecutor.java:47)
        at java.base/java.util.concurrent.ThreadPoolExecutor.runWorker(Unknown Source)
        at java.base/java.util.concurrent.ThreadPoolExecutor$Worker.run(Unknown Source)
        at java.base/java.lang.Thread.run(Unknown Source)

exception: warning: ATTENTION!
exception: this build uses unsafe internal compiler arguments:
exception:
exception:
exception: this mode is not recommended for production use,
exception: as no stability/compatibility guarantees are given on
exception: compiler or generated code. Use it at your own risk!
exception:
exception: c:\Users\2\Downloads\flutter_windows_3.35.3-stable\flutter\packages\flutter_tools\gradle\src\main\kotlin\DependencyVersionChecker.kt:194:39: warning: 'getter for minSdkVersion: AndroidVersion' is deprecated. Will be removed in v9.0
exception:             MinSdkVersion(it.name, it.minSdkVersion.apiLevel)
exception:                                       ^
exception: c:\Users\2\Downloads\flutter_windows_3.35.3-stable\flutter\packages\flutter_tools\gradle\src\main\kotlin\FlutterPlugin.kt:11:37: warning: 'ApkVariant' is deprecated. Deprecated in Java
exception: import com.android.build.gradle.api.ApkVariant
exception:                                     ^
exception: c:\Users\2\Downloads\flutter_windows_3.35.3-stable\flutter\packages\flutter_tools\gradle\src\main\kotlin\FlutterPlugin.kt:628:69: warning: 'ApkVariant' is deprecated. Deprecated in Java
exception:                     val versionCodeIfPresent: Int? = if (variant is ApkVariant) variant.versionCode else null
exception:                                                                     ^
Warning: Flutter support for your project's Gradle version (8.4.0) will soon be dropped. Please upgrade your Gradle version to a version of at least 8.7.0 soon.
Alternatively, use the flag "--android-skip-build-dependency-validation" to bypass this check.

Potential fix: Your project's gradle version is typically defined in the gradle wrapper file. By default, this can be found at C:\Users\2\Documents\saida_wifi_app\android/gradle/wrapper/gradle-wrapper.properties.
For more information, see https://docs.gradle.org/current/userguide/gradle_wrapper.html.

Warning: Flutter support for your project's Android Gradle Plugin version (Android Gradle Plugin version 8.3.2) will soon be dropped. Please upgrade your Android Gradle Plugin version to a version of at least Android Gradle Plugin version 8.6.0 soon.
Alternatively, use the flag "--android-skip-build-dependency-validation" to bypass this check.

Potential fix: Your project's AGP version is typically defined in the plugins block of the `settings.gradle` file (C:\Users\2\Documents\saida_wifi_app\android/settings.gradle), by a plugin with the id of com.android.application.
If you don't see a plugins block, your project was likely created with an older template version. In this case it is most likely defined in the top-level build.gradle file (C:\Users\2\Documents\saida_wifi_app\android/build.gradle) by the following line in the dependencies block of the buildscript: "classpath 'com.android.tools.build:gradle:<version>'".

Warning: Flutter support for your project's Kotlin version (1.9.22) will soon be dropped. Please upgrade your Kotlin version to a version of at least 2.1.0 soon.
Alternatively, use the flag "--android-skip-build-dependency-validation" to bypass this check.

Potential fix: Your project's KGP version is typically defined in the plugins block of the `settings.gradle` file (C:\Users\2\Documents\saida_wifi_app\android/settings.gradle), by a plugin with the id of org.jetbrains.kotlin.android.
If you don't see a plugins block, your project was likely created with an older template version, in which case it is most likely defined in the top-level build.gradle file (C:\Users\2\Documents\saida_wifi_app\android/build.gradle) by the ext.kotlin_version property.

Warning: The plugin shared_preferences_android requires Android SDK version 36 or higher.
For more information about build configuration, see https://flutter.dev/to/review-gradle-config.
Your project is configured to compile against Android SDK 34, but the following plugin(s) require to be compiled against a higher Android SDK version:
- shared_preferences_android compiles against Android SDK 36
Fix this issue by compiling against the highest Android SDK version (they are backward compatible).
Add the following to C:\Users\2\Documents\saida_wifi_app\android\app\build.gradle:

    android {
        compileSdk = 36
        ...
    }
Warning: SDK processing. This version only understands SDK XML versions up to 3 but an SDK XML file of version 4 was encountered. This can happen if you use versions of Android Studio and the command-line tools that were released at different times.
lib/pages/invoices_page.dart:37:53: Error: Too many positional arguments: 0 allowed, but 1 found.
Try removing the extra positional arguments.
        final result = await _apiService.getInvoices(username);
                                                    ^
lib/pages/usage_page.dart:36:42: Error: The method 'getUsageData' isn't defined for the type 'ApiService'.
 - 'ApiService' is from 'package:saida_wifi_app/api/api_service.dart' ('lib/api/api_service.dart').
Try correcting the name to the name of an existing method, or defining a method named 'getUsageData'.
        final result = await _apiService.getUsageData(username);
                                         ^^^^^^^^^^^^
lib/pages/hierarchical_usage_page.dart:149:42: Error: The method 'getYearsUsage' isn't defined for the type 'ApiService'.
 - 'ApiService' is from 'package:saida_wifi_app/api/api_service.dart' ('lib/api/api_service.dart').
Try correcting the name to the name of an existing method, or defining a method named 'getYearsUsage'.
        final result = await _apiService.getYearsUsage(username);
                                         ^^^^^^^^^^^^^
lib/pages/hierarchical_usage_page.dart:189:42: Error: The method 'getMonthsUsage' isn't defined for the type 'ApiService'.
 - 'ApiService' is from 'package:saida_wifi_app/api/api_service.dart' ('lib/api/api_service.dart').
Try correcting the name to the name of an existing method, or defining a method named 'getMonthsUsage'.
        final result = await _apiService.getMonthsUsage(username, year);
                                         ^^^^^^^^^^^^^^
lib/pages/hierarchical_usage_page.dart:224:42: Error: The method 'getDaysUsage' isn't defined for the type 'ApiService'.
 - 'ApiService' is from 'package:saida_wifi_app/api/api_service.dart' ('lib/api/api_service.dart').
Try correcting the name to the name of an existing method, or defining a method named 'getDaysUsage'.
        final result = await _apiService.getDaysUsage(username, year, month);
                                         ^^^^^^^^^^^^
lib/pages/hierarchical_usage_page.dart:259:42: Error: The method 'getSessionsUsage' isn't defined for the type 'ApiService'.
 - 'ApiService' is from 'package:saida_wifi_app/api/api_service.dart' ('lib/api/api_service.dart').
Try correcting the name to the name of an existing method, or defining a method named 'getSessionsUsage'.
        final result = await _apiService.getSessionsUsage(username, year, month, day);
                                         ^^^^^^^^^^^^^^^^
lib/pages/services_page.dart:35:42: Error: The method 'getServices' isn't defined for the type 'ApiService'.
 - 'ApiService' is from 'package:saida_wifi_app/api/api_service.dart' ('lib/api/api_service.dart').
Try correcting the name to the name of an existing method, or defining a method named 'getServices'.
        final result = await _apiService.getServices(username);
                                         ^^^^^^^^^^^
lib/pages/routers_page.dart:33:42: Error: The method 'getRoutersData' isn't defined for the type 'ApiService'.
 - 'ApiService' is from 'package:saida_wifi_app/api/api_service.dart' ('lib/api/api_service.dart').
Try correcting the name to the name of an existing method, or defining a method named 'getRoutersData'.
        final result = await _apiService.getRoutersData(username);
                                         ^^^^^^^^^^^^^^
lib/pages/connection_test_page.dart:73:36: Error: Member not found: 'server'.
                        Icon(Icons.server, color: Theme.of(context).colorScheme.primary),
                                   ^^^^^^
Target kernel_snapshot_program failed: Exception


FAILURE: Build failed with an exception.

* What went wrong:
Execution failed for task ':app:compileFlutterBuildDebug'.
> Process 'command 'C:\Users\2\Downloads\flutter_windows_3.35.3-stable\flutter\bin\flutter.bat'' finished with non-zero exit value ?

* Try:
> Run with --stacktrace option to get the stack trace.
> Run with --info or --debug option to get more log output.
> Run with --scan to get full insights.
> Get more help at https://help.gradle.org.

BUILD FAILED in 40s
Running Gradle task 'assembleDebug'...                             ٤١٫٦s
Error: Gradle task assembleDebug failed with exit code 1
PS C:\Users\2\Documents\saida_wifi_app>



