
  meta 1.16.0 (1.17.0 available)
  riverpod 2.6.1 (3.0.0 available)
  test_api 0.7.6 (0.7.7 available)
Got dependencies!
8 packages have newer versions incompatible with dependency constraints.
Try `flutter pub outdated` for more information.
PS C:\Users\2\Downloads\Compressed\saida_wifi_app_4\saida_wifi_app> flutter run
Launching lib\main.dart on SM G988B in debug mode...

FAILURE: Build failed with an exception.

* What went wrong:
Could not open cp_settings generic class cache for settings file 'C:\Users\2\Downloads\Compressed\saida_wifi_app_4\saida_wifi_app\android\settings.gradle' (C:\Users\2\.gradle\caches\7.6.3\scripts\4o3bwgk78pzmozextzr0d16g5).
> BUG! exception in phase 'semantic analysis' in source unit '_BuildScript_' Unsupported class file major version 65

* Try:
> Run with --stacktrace option to get the stack trace.
> Run with --info or --debug option to get more log output.
> Run with --scan to get full insights.

* Get more help at https://help.gradle.org

BUILD FAILED in 814ms
Running Gradle task 'assembleDebug'...                           ١٬٥٣٩ms

┌─ Flutter Fix ───────────────────────────────────────────────────────────────────────────────────────────────────────┐
│ [!] Your project's Gradle version is incompatible with the Java version that Flutter is using for Gradle.           │
│                                                                                                                     │
│ To fix this issue, first, check the Java version used by Flutter by running `flutter doctor --verbose`.             │
│                                                                                                                     │
│ Then, update the Gradle version specified in                                                                        │
│ C:\Users\2\Downloads\Compressed\saida_wifi_app_4\saida_wifi_app\android\gradle\wrapper\gradle-wrapper.properties to │
│ be compatible with that Java version. See the link below for more information on compatible Java/Gradle versions:   │
│ https://docs.gradle.org/current/userguide/compatibility.html#java                                                   │
│                                                                                                                     │
│                                                                                                                     │
└─────────────────────────────────────────────────────────────────────────────────────────────────────────────────────┘
Error: Gradle task assembleDebug failed with exit code 1
PS C:\Users\2\Downloads\Compressed\saida_wifi_app_4\saida_wifi_app>

