saida_wifi_app> flutter pub get
Resolving dependencies...
Downloading packages...
  characters 1.4.0 (1.4.1 available)
  flutter_lints 3.0.2 (6.0.0 available)
  flutter_riverpod 2.6.1 (3.0.0 available)
  lints 3.0.0 (6.0.0 available)
  material_color_utilities 0.11.1 (0.13.0 available)
  meta 1.16.0 (1.17.0 available)
  riverpod 2.6.1 (3.0.0 available)
  test_api 0.7.6 (0.7.7 available)
Got dependencies!
8 packages have newer versions incompatible with dependency constraints.
Try `flutter pub outdated` for more information.
PS C:\Users\2\Documents\saida_wifi_app> flutter run
Resolving dependencies...
Downloading packages...
  characters 1.4.0 (1.4.1 available)
  flutter_lints 3.0.2 (6.0.0 available)
  flutter_riverpod 2.6.1 (3.0.0 available)
  lints 3.0.0 (6.0.0 available)
  material_color_utilities 0.11.1 (0.13.0 available)
  meta 1.16.0 (1.17.0 available)
  riverpod 2.6.1 (3.0.0 available)
  test_api 0.7.6 (0.7.7 available)
Got dependencies!
8 packages have newer versions incompatible with dependency constraints.
Try `flutter pub outdated` for more information.
Launching lib\main.dart on SM G988B in debug mode...
Upgrading build.gradle
e: Daemon compilation failed: Could not connect to Kotlin compile daemon
java.lang.RuntimeException: Could not connect to Kotlin compile daemon
        at org.jetbrains.kotlin.compilerRunner.GradleKotlinCompilerWork.compileWithDaemon(GradleKotlinCompilerWork.kt:218)
        at org.jetbrains.kotlin.compilerRunner.GradleKotlinCompilerWork.compileWithDaemonOrFallbackImpl(GradleKotlinCompilerWork.kt:175)
        at org.jetbrains.kotlin.compilerRunner.GradleKotlinCompilerWork.run(GradleKotlinCompilerWork.kt:135)
        at org.jetbrains.kotlin.compilerRunner.GradleCompilerRunnerWithWorkers$GradleKotlinCompilerWorkAction.execute(GradleCompilerRunnerWithWorkers.kt:73)
        at org.gradle.workers.internal.DefaultWorkerServer.execute(DefaultWorkerServer.java:63)
        at org.gradle.workers.internal.NoIsolationWorkerFactory$1$1.create(NoIsolationWorkerFactory.java:66)
        at org.gradle.workers.internal.NoIsolationWorkerFactory$1$1.create(NoIsolationWorkerFactory.java:62)
        at org.gradle.internal.classloader.ClassLoaderUtils.executeInClassloader(ClassLoaderUtils.java:100)
        at org.gradle.workers.internal.NoIsolationWorkerFactory$1.lambda$execute$0(NoIsolationWorkerFactory.java:62)
        at org.gradle.workers.internal.AbstractWorker$1.call(AbstractWorker.java:44)
        at org.gradle.workers.internal.AbstractWorker$1.call(AbstractWorker.java:41)
        at org.gradle.internal.operations.DefaultBuildOperationRunner$CallableBuildOperationWorker.execute(DefaultBuildOperationRunner.java:200)
        at org.gradle.internal.operations.DefaultBuildOperationRunner$CallableBuildOperationWorker.execute(DefaultBuildOperationRunner.java:195)
        at org.gradle.internal.operations.DefaultBuildOperationRunner$2.execute(DefaultBuildOperationRunner.java:66)
        at org.gradle.internal.operations.DefaultBuildOperationRunner$2.execute(DefaultBuildOperationRunner.java:59)
        at org.gradle.internal.operations.DefaultBuildOperationRunner.execute(DefaultBuildOperationRunner.java:157)
        at org.gradle.internal.operations.DefaultBuildOperationRunner.execute(DefaultBuildOperationRunner.java:59)
        at org.gradle.internal.operations.DefaultBuildOperationRunner.call(DefaultBuildOperationRunner.java:53)
        at org.gradle.internal.operations.DefaultBuildOperationExecutor.call(DefaultBuildOperationExecutor.java:73)
        at org.gradle.workers.internal.AbstractWorker.executeWrappedInBuildOperation(AbstractWorker.java:41)
        at org.gradle.workers.internal.NoIsolationWorkerFactory$1.execute(NoIsolationWorkerFactory.java:59)
        at org.gradle.workers.internal.DefaultWorkerExecutor.lambda$submitWork$0(DefaultWorkerExecutor.java:174)
        at java.base/java.util.concurrent.FutureTask.run(Unknown Source)
        at org.gradle.internal.work.DefaultConditionalExecutionQueue$ExecutionRunner.runExecution(DefaultConditionalExecutionQueue.java:187)
        at org.gradle.internal.work.DefaultConditionalExecutionQueue$ExecutionRunner.access$700(DefaultConditionalExecutionQueue.java:120)
        at org.gradle.internal.work.DefaultConditionalExecutionQueue$ExecutionRunner$1.run(DefaultConditionalExecutionQueue.java:162)
        at org.gradle.internal.Factories$1.create(Factories.java:31)
        at org.gradle.internal.work.DefaultWorkerLeaseService.withLocks(DefaultWorkerLeaseService.java:264)
        at org.gradle.internal.work.DefaultWorkerLeaseService.runAsWorkerThread(DefaultWorkerLeaseService.java:128)
        at org.gradle.internal.work.DefaultWorkerLeaseService.runAsWorkerThread(DefaultWorkerLeaseService.java:133)
        at org.gradle.internal.work.DefaultConditionalExecutionQueue$ExecutionRunner.runBatch(DefaultConditionalExecutionQueue.java:157)
        at org.gradle.internal.work.DefaultConditionalExecutionQueue$ExecutionRunner.run(DefaultConditionalExecutionQueue.java:126)
        at java.base/java.util.concurrent.Executors$RunnableAdapter.call(Unknown Source)
        at java.base/java.util.concurrent.FutureTask.run(Unknown Source)
        at org.gradle.internal.concurrent.ExecutorPolicy$CatchAndRecordFailures.onExecute(ExecutorPolicy.java:64)
        at org.gradle.internal.concurrent.AbstractManagedExecutor$1.run(AbstractManagedExecutor.java:47)
        at java.base/java.util.concurrent.ThreadPoolExecutor.runWorker(Unknown Source)
        at java.base/java.util.concurrent.ThreadPoolExecutor$Worker.run(Unknown Source)
        at java.base/java.lang.Thread.run(Unknown Source)

exception: warning: ATTENTION!
exception: this build uses unsafe internal compiler arguments:
exception:
exception:
exception: this mode is not recommended for production use,
exception: as no stability/compatibility guarantees are given on
exception: compiler or generated code. Use it at your own risk!
exception:
exception: c:\Users\2\Downloads\flutter_windows_3.35.3-stable\flutter\packages\flutter_tools\gradle\src\main\kotlin\DependencyVersionChecker.kt:194:39: warning: 'getter for minSdkVersion: AndroidVersion' is deprecated. Will be removed in v9.0
exception:             MinSdkVersion(it.name, it.minSdkVersion.apiLevel)
exception:                                       ^
exception: c:\Users\2\Downloads\flutter_windows_3.35.3-stable\flutter\packages\flutter_tools\gradle\src\main\kotlin\FlutterPlugin.kt:11:37: warning: 'ApkVariant' is deprecated. Deprecated in Java
exception: import com.android.build.gradle.api.ApkVariant
exception:                                     ^
exception: c:\Users\2\Downloads\flutter_windows_3.35.3-stable\flutter\packages\flutter_tools\gradle\src\main\kotlin\FlutterPlugin.kt:628:69: warning: 'ApkVariant' is deprecated. Deprecated in Java
exception:                     val versionCodeIfPresent: Int? = if (variant is ApkVariant) variant.versionCode else null
exception:                                                                     ^
Checking the license for package NDK (Side by side) 26.1.10909125 in C:\Users\2\AppData\Local\Android\sdk\licenses
License for package NDK (Side by side) 26.1.10909125 accepted.
Preparing "Install NDK (Side by side) 26.1.10909125 v.26.1.10909125".
"Install NDK (Side by side) 26.1.10909125 v.26.1.10909125" ready.
Installing NDK (Side by side) 26.1.10909125 in C:\Users\2\AppData\Local\Android\sdk\ndk\26.1.10909125
"Install NDK (Side by side) 26.1.10909125 v.26.1.10909125" complete.
"Install NDK (Side by side) 26.1.10909125 v.26.1.10909125" finished.
lib/pages/usage_page.dart:36:63: Error: The method 'getUsageData' isn't defined for the type 'ApiService'.
 - 'ApiService' is from 'package:saida_wifi_app/api/api_service.dart' ('lib/api/api_service.dart').
Try correcting the name to the name of an existing method, or defining a method named 'getUsageData'.
        final Map<String, dynamic> result = await _apiService.getUsageData(username);
                                                              ^^^^^^^^^^^^
lib/pages/hierarchical_usage_page.dart:149:63: Error: The method 'getYearsUsage' isn't defined for the type 'ApiService'.
 - 'ApiService' is from 'package:saida_wifi_app/api/api_service.dart' ('lib/api/api_service.dart').
Try correcting the name to the name of an existing method, or defining a method named 'getYearsUsage'.
        final Map<String, dynamic> result = await _apiService.getYearsUsage(username);
                                                              ^^^^^^^^^^^^^
lib/pages/hierarchical_usage_page.dart:189:63: Error: The method 'getMonthsUsage' isn't defined for the type 'ApiService'.
 - 'ApiService' is from 'package:saida_wifi_app/api/api_service.dart' ('lib/api/api_service.dart').
Try correcting the name to the name of an existing method, or defining a method named 'getMonthsUsage'.
        final Map<String, dynamic> result = await _apiService.getMonthsUsage(username, year);
                                                              ^^^^^^^^^^^^^^
lib/pages/hierarchical_usage_page.dart:224:63: Error: The method 'getDaysUsage' isn't defined for the type 'ApiService'.
 - 'ApiService' is from 'package:saida_wifi_app/api/api_service.dart' ('lib/api/api_service.dart').
Try correcting the name to the name of an existing method, or defining a method named 'getDaysUsage'.
        final Map<String, dynamic> result = await _apiService.getDaysUsage(username, year, month);
                                                              ^^^^^^^^^^^^
lib/pages/hierarchical_usage_page.dart:259:63: Error: The method 'getSessionsUsage' isn't defined for the type 'ApiService'.
 - 'ApiService' is from 'package:saida_wifi_app/api/api_service.dart' ('lib/api/api_service.dart').
Try correcting the name to the name of an existing method, or defining a method named 'getSessionsUsage'.
        final Map<String, dynamic> result = await _apiService.getSessionsUsage(username, year, month, day);
                                                              ^^^^^^^^^^^^^^^^
lib/pages/services_page.dart:35:63: Error: The method 'getServices' isn't defined for the type 'ApiService'.
 - 'ApiService' is from 'package:saida_wifi_app/api/api_service.dart' ('lib/api/api_service.dart').
Try correcting the name to the name of an existing method, or defining a method named 'getServices'.
        final Map<String, dynamic> result = await _apiService.getServices(username);
                                                              ^^^^^^^^^^^
lib/pages/routers_page.dart:33:63: Error: The method 'getRoutersData' isn't defined for the type 'ApiService'.
 - 'ApiService' is from 'package:saida_wifi_app/api/api_service.dart' ('lib/api/api_service.dart').
Try correcting the name to the name of an existing method, or defining a method named 'getRoutersData'.
        final Map<String, dynamic> result = await _apiService.getRoutersData(username);
                                                              ^^^^^^^^^^^^^^
lib/pages/connection_test_page.dart:73:36: Error: Member not found: 'server'.
                        Icon(Icons.server, color: Theme.of(context).colorScheme.primary),
                                   ^^^^^^
Target kernel_snapshot_program failed: Exception


FAILURE: Build failed with an exception.

* What went wrong:
Execution failed for task ':app:compileFlutterBuildDebug'.
> Process 'command 'C:\Users\2\Downloads\flutter_windows_3.35.3-stable\flutter\bin\flutter.bat'' finished with non-zero exit value ?

* Try:
> Run with --stacktrace option to get the stack trace.
> Run with --info or --debug option to get more log output.
> Run with --scan to get full insights.
> Get more help at https://help.gradle.org.

BUILD FAILED in 7m 6s
Running Gradle task 'assembleDebug'...                            ٤٢٧٫٢s
Error: Gradle task assembleDebug failed with exit code 1
PS C:\Users\2\Documents\saida_wifi_app>

